execve("./a.out", ["./a.out"], 0x7ffceb30ec20 /* 38 vars */) = 0
brk(NULL)                               = 0x475000
arch_prctl(0x3001 /* ARCH_??? */, 0x7ffd7de431e0) = -1 EINVAL (Invalid argument)
access("/etc/ld.so.preload", R_OK)      = -1 ENOENT (No such file or directory)
openat(AT_FDCWD, "/etc/ld.so.cache", O_RDONLY|O_CLOEXEC) = 3
fstat(3, {st_mode=S_IFREG|0644, st_size=114849, ...}) = 0
mmap(NULL, 114849, PROT_READ, MAP_PRIVATE, 3, 0) = 0x7f3764283000
close(3)                                = 0
openat(AT_FDCWD, "/lib64/libc.so.6", O_RDONLY|O_CLOEXEC) = 3
read(3, "\177ELF\2\1\1\3\0\0\0\0\0\0\0\0\3\0>\0\1\0\0\0P@\2\0\0\0\0\0"..., 832) = 832
lseek(3, 792, SEEK_SET)                 = 792
read(3, "\4\0\0\0\24\0\0\0\3\0\0\0GNU\0\346\4=\16,\314\275\4\36$\325#\200%i\326"..., 68) = 68
fstat(3, {st_mode=S_IFREG|0755, st_size=6697832, ...}) = 0
mmap(NULL, 8192, PROT_READ|PROT_WRITE, MAP_PRIVATE|MAP_ANONYMOUS, -1, 0) = 0x7f3764281000
lseek(3, 792, SEEK_SET)                 = 792
read(3, "\4\0\0\0\24\0\0\0\3\0\0\0GNU\0\346\4=\16,\314\275\4\36$\325#\200%i\326"..., 68) = 68
lseek(3, 864, SEEK_SET)                 = 864
read(3, "\4\0\0\0\20\0\0\0\5\0\0\0GNU\0\2\0\0\300\4\0\0\0\3\0\0\0\0\0\0\0", 32) = 32
mmap(NULL, 1857472, PROT_READ, MAP_PRIVATE|MAP_DENYWRITE, 3, 0) = 0x7f37640bb000
mprotect(0x7f37640dd000, 1679360, PROT_NONE) = 0
mmap(0x7f37640dd000, 1363968, PROT_READ|PROT_EXEC, MAP_PRIVATE|MAP_FIXED|MAP_DENYWRITE, 3, 0x22000) = 0x7f37640dd000
mmap(0x7f376422a000, 311296, PROT_READ, MAP_PRIVATE|MAP_FIXED|MAP_DENYWRITE, 3, 0x16f000) = 0x7f376422a000
mmap(0x7f3764277000, 24576, PROT_READ|PROT_WRITE, MAP_PRIVATE|MAP_FIXED|MAP_DENYWRITE, 3, 0x1bb000) = 0x7f3764277000
mmap(0x7f376427d000, 14272, PROT_READ|PROT_WRITE, MAP_PRIVATE|MAP_FIXED|MAP_ANONYMOUS, -1, 0) = 0x7f376427d000
close(3)                                = 0
arch_prctl(ARCH_SET_FS, 0x7f3764282500) = 0
mprotect(0x7f3764277000, 16384, PROT_READ) = 0
mprotect(0x403000, 4096, PROT_READ)     = 0
mprotect(0x7f37642ca000, 4096, PROT_READ) = 0
munmap(0x7f3764283000, 114849)          = 0
write(1, "Hello, world\n", 13)          = 13
exit_group(0)                           = ?
+++ exited with 0 +++
