execve("./sum.sh", ["./sum.sh"], 0x7fff05571520 /* 38 vars */) = 0
brk(NULL)                               = 0x5598259e0000
arch_prctl(0x3001 /* ARCH_??? */, 0x7fff1788faf0) = -1 EINVAL (Invalid argument)
access("/etc/ld.so.preload", R_OK)      = -1 ENOENT (No such file or directory)
openat(AT_FDCWD, "/etc/ld.so.cache", O_RDONLY|O_CLOEXEC) = 3
fstat(3, {st_mode=S_IFREG|0644, st_size=114849, ...}) = 0
mmap(NULL, 114849, PROT_READ, MAP_PRIVATE, 3, 0) = 0x7f96da88a000
close(3)                                = 0
openat(AT_FDCWD, "/lib64/libtinfo.so.6", O_RDONLY|O_CLOEXEC) = 3
read(3, "\177ELF\2\1\1\0\0\0\0\0\0\0\0\0\3\0>\0\1\0\0\0\320\363\0\0\0\0\0\0"..., 832) = 832
lseek(3, 169216, SEEK_SET)              = 169216
read(3, "\4\0\0\0\20\0\0\0\5\0\0\0GNU\0\2\0\0\300\4\0\0\0\3\0\0\0\0\0\0\0", 32) = 32
fstat(3, {st_mode=S_IFREG|0755, st_size=285768, ...}) = 0
mmap(NULL, 8192, PROT_READ|PROT_WRITE, MAP_PRIVATE|MAP_ANONYMOUS, -1, 0) = 0x7f96da888000
lseek(3, 169216, SEEK_SET)              = 169216
read(3, "\4\0\0\0\20\0\0\0\5\0\0\0GNU\0\2\0\0\300\4\0\0\0\3\0\0\0\0\0\0\0", 32) = 32
mmap(NULL, 190848, PROT_READ, MAP_PRIVATE|MAP_DENYWRITE, 3, 0) = 0x7f96da859000
mmap(0x7f96da867000, 61440, PROT_READ|PROT_EXEC, MAP_PRIVATE|MAP_FIXED|MAP_DENYWRITE, 3, 0xe000) = 0x7f96da867000
mmap(0x7f96da876000, 53248, PROT_READ, MAP_PRIVATE|MAP_FIXED|MAP_DENYWRITE, 3, 0x1d000) = 0x7f96da876000
mmap(0x7f96da883000, 20480, PROT_READ|PROT_WRITE, MAP_PRIVATE|MAP_FIXED|MAP_DENYWRITE, 3, 0x29000) = 0x7f96da883000
close(3)                                = 0
openat(AT_FDCWD, "/lib64/libdl.so.2", O_RDONLY|O_CLOEXEC) = 3
read(3, "\177ELF\2\1\1\0\0\0\0\0\0\0\0\0\3\0>\0\1\0\0\0p\22\0\0\0\0\0\0"..., 832) = 832
fstat(3, {st_mode=S_IFREG|0755, st_size=61872, ...}) = 0
mmap(NULL, 20784, PROT_READ, MAP_PRIVATE|MAP_DENYWRITE, 3, 0) = 0x7f96da853000
mmap(0x7f96da854000, 8192, PROT_READ|PROT_EXEC, MAP_PRIVATE|MAP_FIXED|MAP_DENYWRITE, 3, 0x1000) = 0x7f96da854000
mmap(0x7f96da856000, 4096, PROT_READ, MAP_PRIVATE|MAP_FIXED|MAP_DENYWRITE, 3, 0x3000) = 0x7f96da856000
mmap(0x7f96da857000, 8192, PROT_READ|PROT_WRITE, MAP_PRIVATE|MAP_FIXED|MAP_DENYWRITE, 3, 0x3000) = 0x7f96da857000
close(3)                                = 0
openat(AT_FDCWD, "/lib64/libc.so.6", O_RDONLY|O_CLOEXEC) = 3
read(3, "\177ELF\2\1\1\3\0\0\0\0\0\0\0\0\3\0>\0\1\0\0\0P@\2\0\0\0\0\0"..., 832) = 832
lseek(3, 792, SEEK_SET)                 = 792
read(3, "\4\0\0\0\24\0\0\0\3\0\0\0GNU\0\346\4=\16,\314\275\4\36$\325#\200%i\326"..., 68) = 68
fstat(3, {st_mode=S_IFREG|0755, st_size=6697832, ...}) = 0
lseek(3, 792, SEEK_SET)                 = 792
read(3, "\4\0\0\0\24\0\0\0\3\0\0\0GNU\0\346\4=\16,\314\275\4\36$\325#\200%i\326"..., 68) = 68
lseek(3, 864, SEEK_SET)                 = 864
read(3, "\4\0\0\0\20\0\0\0\5\0\0\0GNU\0\2\0\0\300\4\0\0\0\3\0\0\0\0\0\0\0", 32) = 32
mmap(NULL, 1857472, PROT_READ, MAP_PRIVATE|MAP_DENYWRITE, 3, 0) = 0x7f96da68d000
mprotect(0x7f96da6af000, 1679360, PROT_NONE) = 0
mmap(0x7f96da6af000, 1363968, PROT_READ|PROT_EXEC, MAP_PRIVATE|MAP_FIXED|MAP_DENYWRITE, 3, 0x22000) = 0x7f96da6af000
mmap(0x7f96da7fc000, 311296, PROT_READ, MAP_PRIVATE|MAP_FIXED|MAP_DENYWRITE, 3, 0x16f000) = 0x7f96da7fc000
mmap(0x7f96da849000, 24576, PROT_READ|PROT_WRITE, MAP_PRIVATE|MAP_FIXED|MAP_DENYWRITE, 3, 0x1bb000) = 0x7f96da849000
mmap(0x7f96da84f000, 14272, PROT_READ|PROT_WRITE, MAP_PRIVATE|MAP_FIXED|MAP_ANONYMOUS, -1, 0) = 0x7f96da84f000
close(3)                                = 0
mmap(NULL, 12288, PROT_READ|PROT_WRITE, MAP_PRIVATE|MAP_ANONYMOUS, -1, 0) = 0x7f96da68a000
arch_prctl(ARCH_SET_FS, 0x7f96da68a740) = 0
mprotect(0x7f96da849000, 16384, PROT_READ) = 0
mprotect(0x7f96da857000, 4096, PROT_READ) = 0
mprotect(0x7f96da883000, 16384, PROT_READ) = 0
mprotect(0x5598252f0000, 16384, PROT_READ) = 0
mprotect(0x7f96da8d1000, 4096, PROT_READ) = 0
munmap(0x7f96da88a000, 114849)          = 0
openat(AT_FDCWD, "/dev/tty", O_RDWR|O_NONBLOCK) = 3
close(3)                                = 0
brk(NULL)                               = 0x5598259e0000
brk(0x559825a01000)                     = 0x559825a01000
brk(NULL)                               = 0x559825a01000
openat(AT_FDCWD, "/usr/lib/locale/locale-archive", O_RDONLY|O_CLOEXEC) = 3
fstat(3, {st_mode=S_IFREG|0644, st_size=217750512, ...}) = 0
mmap(NULL, 217750512, PROT_READ, MAP_PRIVATE, 3, 0) = 0x7f96cd6e0000
close(3)                                = 0
openat(AT_FDCWD, "/usr/lib64/gconv/gconv-modules.cache", O_RDONLY) = 3
fstat(3, {st_mode=S_IFREG|0644, st_size=26398, ...}) = 0
mmap(NULL, 26398, PROT_READ, MAP_SHARED, 3, 0) = 0x7f96da8a0000
close(3)                                = 0
getuid()                                = 0
getgid()                                = 0
geteuid()                               = 0
getegid()                               = 0
rt_sigprocmask(SIG_BLOCK, NULL, [], 8)  = 0
ioctl(-1, TIOCGPGRP, 0x7fff1788f954)    = -1 EBADF (Bad file descriptor)
sysinfo({uptime=100888, loads=[40704, 63008, 85824], totalram=8247103488, freeram=830947328, sharedram=351940608, bufferram=302186496, totalswap=8388603904, freeswap=8338489344, procs=877, totalhigh=0, freehigh=0, mem_unit=1}) = 0
rt_sigaction(SIGCHLD, {sa_handler=SIG_DFL, sa_mask=[], sa_flags=SA_RESTORER|SA_RESTART, sa_restorer=0x7f96da6c4ec0}, {sa_handler=SIG_DFL, sa_mask=[], sa_flags=0}, 8) = 0
rt_sigaction(SIGCHLD, {sa_handler=SIG_DFL, sa_mask=[], sa_flags=SA_RESTORER|SA_RESTART, sa_restorer=0x7f96da6c4ec0}, {sa_handler=SIG_DFL, sa_mask=[], sa_flags=SA_RESTORER|SA_RESTART, sa_restorer=0x7f96da6c4ec0}, 8) = 0
rt_sigaction(SIGINT, {sa_handler=SIG_DFL, sa_mask=[], sa_flags=SA_RESTORER, sa_restorer=0x7f96da6c4ec0}, {sa_handler=SIG_DFL, sa_mask=[], sa_flags=0}, 8) = 0
rt_sigaction(SIGINT, {sa_handler=SIG_DFL, sa_mask=[], sa_flags=SA_RESTORER, sa_restorer=0x7f96da6c4ec0}, {sa_handler=SIG_DFL, sa_mask=[], sa_flags=SA_RESTORER, sa_restorer=0x7f96da6c4ec0}, 8) = 0
rt_sigaction(SIGQUIT, {sa_handler=SIG_DFL, sa_mask=[], sa_flags=SA_RESTORER, sa_restorer=0x7f96da6c4ec0}, {sa_handler=SIG_DFL, sa_mask=[], sa_flags=0}, 8) = 0
rt_sigaction(SIGQUIT, {sa_handler=SIG_DFL, sa_mask=[], sa_flags=SA_RESTORER, sa_restorer=0x7f96da6c4ec0}, {sa_handler=SIG_DFL, sa_mask=[], sa_flags=SA_RESTORER, sa_restorer=0x7f96da6c4ec0}, 8) = 0
rt_sigaction(SIGTSTP, {sa_handler=SIG_DFL, sa_mask=[], sa_flags=SA_RESTORER, sa_restorer=0x7f96da6c4ec0}, {sa_handler=SIG_DFL, sa_mask=[], sa_flags=0}, 8) = 0
rt_sigaction(SIGTSTP, {sa_handler=SIG_DFL, sa_mask=[], sa_flags=SA_RESTORER, sa_restorer=0x7f96da6c4ec0}, {sa_handler=SIG_DFL, sa_mask=[], sa_flags=SA_RESTORER, sa_restorer=0x7f96da6c4ec0}, 8) = 0
rt_sigaction(SIGTTIN, {sa_handler=SIG_DFL, sa_mask=[], sa_flags=SA_RESTORER, sa_restorer=0x7f96da6c4ec0}, {sa_handler=SIG_DFL, sa_mask=[], sa_flags=0}, 8) = 0
rt_sigaction(SIGTTIN, {sa_handler=SIG_DFL, sa_mask=[], sa_flags=SA_RESTORER, sa_restorer=0x7f96da6c4ec0}, {sa_handler=SIG_DFL, sa_mask=[], sa_flags=SA_RESTORER, sa_restorer=0x7f96da6c4ec0}, 8) = 0
rt_sigaction(SIGTTOU, {sa_handler=SIG_DFL, sa_mask=[], sa_flags=SA_RESTORER, sa_restorer=0x7f96da6c4ec0}, {sa_handler=SIG_DFL, sa_mask=[], sa_flags=0}, 8) = 0
rt_sigaction(SIGTTOU, {sa_handler=SIG_DFL, sa_mask=[], sa_flags=SA_RESTORER, sa_restorer=0x7f96da6c4ec0}, {sa_handler=SIG_DFL, sa_mask=[], sa_flags=SA_RESTORER, sa_restorer=0x7f96da6c4ec0}, 8) = 0
rt_sigprocmask(SIG_BLOCK, NULL, [], 8)  = 0
rt_sigaction(SIGQUIT, {sa_handler=SIG_IGN, sa_mask=[], sa_flags=SA_RESTORER, sa_restorer=0x7f96da6c4ec0}, {sa_handler=SIG_DFL, sa_mask=[], sa_flags=SA_RESTORER, sa_restorer=0x7f96da6c4ec0}, 8) = 0
uname({sysname="Linux", nodename="pc", ...}) = 0
rt_sigprocmask(SIG_BLOCK, NULL, [], 8)  = 0
rt_sigprocmask(SIG_BLOCK, NULL, [], 8)  = 0
rt_sigprocmask(SIG_BLOCK, NULL, [], 8)  = 0
rt_sigprocmask(SIG_BLOCK, NULL, [], 8)  = 0
stat("/home/omega/Documents/Linux System Programming/tracing", {st_mode=S_IFDIR|0755, st_size=4096, ...}) = 0
stat(".", {st_mode=S_IFDIR|0755, st_size=4096, ...}) = 0
stat("/home", {st_mode=S_IFDIR|0755, st_size=4096, ...}) = 0
stat("/home/omega", {st_mode=S_IFDIR|0701, st_size=4096, ...}) = 0
stat("/home/omega/Documents", {st_mode=S_IFDIR|0755, st_size=4096, ...}) = 0
stat("/home/omega/Documents/Linux System Programming", {st_mode=S_IFDIR|0755, st_size=4096, ...}) = 0
stat("/home/omega/Documents/Linux System Programming/tracing", {st_mode=S_IFDIR|0755, st_size=4096, ...}) = 0
stat("/home/omega/Documents/Linux System Programming", {st_mode=S_IFDIR|0755, st_size=4096, ...}) = 0
getpid()                                = 6581
getppid()                               = 6578
getpid()                                = 6581
getpgrp()                               = 6578
ioctl(2, TIOCGPGRP, [6578])             = 0
rt_sigaction(SIGCHLD, {sa_handler=0x559825236c80, sa_mask=[], sa_flags=SA_RESTORER|SA_RESTART, sa_restorer=0x7f96da6c4ec0}, {sa_handler=SIG_DFL, sa_mask=[], sa_flags=SA_RESTORER|SA_RESTART, sa_restorer=0x7f96da6c4ec0}, 8) = 0
prlimit64(0, RLIMIT_NPROC, NULL, {rlim_cur=31291, rlim_max=31291}) = 0
rt_sigprocmask(SIG_BLOCK, NULL, [], 8)  = 0
openat(AT_FDCWD, "/usr/share/Modules/init/bash", O_RDONLY) = 3
fstat(3, {st_mode=S_IFREG|0644, st_size=4327, ...}) = 0
read(3, "unset _mlshdbg;\n# disable shell "..., 4327) = 4327
close(3)                                = 0
rt_sigprocmask(SIG_BLOCK, NULL, [], 8)  = 0
pipe([3, 4])                            = 0
rt_sigprocmask(SIG_BLOCK, [CHLD], [], 8) = 0
rt_sigprocmask(SIG_SETMASK, [], NULL, 8) = 0
rt_sigprocmask(SIG_BLOCK, [INT CHLD], [], 8) = 0
clone(child_stack=NULL, flags=CLONE_CHILD_CLEARTID|CLONE_CHILD_SETTID|SIGCHLD, child_tidptr=0x7f96da68aa10) = 6582
rt_sigprocmask(SIG_SETMASK, [], NULL, 8) = 0
rt_sigaction(SIGCHLD, {sa_handler=0x559825236c80, sa_mask=[], sa_flags=SA_RESTORER|SA_RESTART, sa_restorer=0x7f96da6c4ec0}, {sa_handler=0x559825236c80, sa_mask=[], sa_flags=SA_RESTORER|SA_RESTART, sa_restorer=0x7f96da6c4ec0}, 8) = 0
close(4)                                = 0
read(3, "\n", 128)                      = 1
read(3, "", 128)                        = 0
--- SIGCHLD {si_signo=SIGCHLD, si_code=CLD_EXITED, si_pid=6582, si_uid=0, si_status=0, si_utime=0, si_stime=0} ---
wait4(-1, [{WIFEXITED(s) && WEXITSTATUS(s) == 0}], WNOHANG, NULL) = 6582
wait4(-1, 0x7fff1788e310, WNOHANG, NULL) = -1 ECHILD (No child processes)
rt_sigreturn({mask=[]})                 = 0
close(3)                                = 0
rt_sigprocmask(SIG_BLOCK, [CHLD], [], 8) = 0
rt_sigaction(SIGINT, {sa_handler=0x559825233720, sa_mask=[], sa_flags=SA_RESTORER, sa_restorer=0x7f96da6c4ec0}, {sa_handler=SIG_DFL, sa_mask=[], sa_flags=SA_RESTORER, sa_restorer=0x7f96da6c4ec0}, 8) = 0
rt_sigaction(SIGINT, {sa_handler=SIG_DFL, sa_mask=[], sa_flags=SA_RESTORER, sa_restorer=0x7f96da6c4ec0}, {sa_handler=0x559825233720, sa_mask=[], sa_flags=SA_RESTORER, sa_restorer=0x7f96da6c4ec0}, 8) = 0
rt_sigprocmask(SIG_SETMASK, [], NULL, 8) = 0
pipe([3, 4])                            = 0
rt_sigprocmask(SIG_BLOCK, [CHLD], [], 8) = 0
rt_sigprocmask(SIG_SETMASK, [], NULL, 8) = 0
rt_sigprocmask(SIG_BLOCK, [INT CHLD], [], 8) = 0
clone(child_stack=NULL, flags=CLONE_CHILD_CLEARTID|CLONE_CHILD_SETTID|SIGCHLD, child_tidptr=0x7f96da68aa10) = 6583
rt_sigprocmask(SIG_SETMASK, [], NULL, 8) = 0
rt_sigaction(SIGCHLD, {sa_handler=0x559825236c80, sa_mask=[], sa_flags=SA_RESTORER|SA_RESTART, sa_restorer=0x7f96da6c4ec0}, {sa_handler=0x559825236c80, sa_mask=[], sa_flags=SA_RESTORER|SA_RESTART, sa_restorer=0x7f96da6c4ec0}, 8) = 0
close(4)                                = 0
read(3, "\n", 128)                      = 1
read(3, "", 128)                        = 0
--- SIGCHLD {si_signo=SIGCHLD, si_code=CLD_EXITED, si_pid=6583, si_uid=0, si_status=0, si_utime=0, si_stime=0} ---
wait4(-1, [{WIFEXITED(s) && WEXITSTATUS(s) == 0}], WNOHANG, NULL) = 6583
wait4(-1, 0x7fff1788e4d0, WNOHANG, NULL) = -1 ECHILD (No child processes)
rt_sigreturn({mask=[]})                 = 0
close(3)                                = 0
rt_sigprocmask(SIG_BLOCK, [CHLD], [], 8) = 0
rt_sigaction(SIGINT, {sa_handler=0x559825233720, sa_mask=[], sa_flags=SA_RESTORER, sa_restorer=0x7f96da6c4ec0}, {sa_handler=SIG_DFL, sa_mask=[], sa_flags=SA_RESTORER, sa_restorer=0x7f96da6c4ec0}, 8) = 0
rt_sigaction(SIGINT, {sa_handler=SIG_DFL, sa_mask=[], sa_flags=SA_RESTORER, sa_restorer=0x7f96da6c4ec0}, {sa_handler=0x559825233720, sa_mask=[], sa_flags=SA_RESTORER, sa_restorer=0x7f96da6c4ec0}, 8) = 0
rt_sigprocmask(SIG_SETMASK, [], NULL, 8) = 0
pipe([3, 4])                            = 0
rt_sigprocmask(SIG_BLOCK, [CHLD], [], 8) = 0
rt_sigprocmask(SIG_SETMASK, [], NULL, 8) = 0
rt_sigprocmask(SIG_BLOCK, [INT CHLD], [], 8) = 0
clone(child_stack=NULL, flags=CLONE_CHILD_CLEARTID|CLONE_CHILD_SETTID|SIGCHLD, child_tidptr=0x7f96da68aa10) = 6584
rt_sigprocmask(SIG_SETMASK, [], NULL, 8) = 0
rt_sigaction(SIGCHLD, {sa_handler=0x559825236c80, sa_mask=[], sa_flags=SA_RESTORER|SA_RESTART, sa_restorer=0x7f96da6c4ec0}, {sa_handler=0x559825236c80, sa_mask=[], sa_flags=SA_RESTORER|SA_RESTART, sa_restorer=0x7f96da6c4ec0}, 8) = 0
close(4)                                = 0
read(3, "_module_raw() {\n   unset _mlshdb"..., 128) = 128
read(3, "et +vx; _mlshdbg='vx' ;;\n       "..., 128) = 128
read(3, "      esac;\n   fi;\n   unset _mlr"..., 128) = 128
read(3, "ODULES_RUN_QUARANTINE:-}; do\n   "..., 128) = 128
read(3, " [ -n \"`eval 'echo ${'$_mlv'+x}'"..., 128) = 128
read(3, "i;\n         _mlrv=\"MODULES_RUNEN"..., 128) = 128
read(3, ";\n   if [ -n \"${_mlre:-}\" ]; the"..., 128) = 128
read(3, "\n   else\n      eval `/usr/bin/tc"..., 128) = 128
read(3, "mlIFS+x}\" ]; then\n      IFS=$_ml"..., 128) = 128
read(3, "\" ]; then\n      set -$_mlshdbg;\n"..., 128) = 128
read(3, "CMD=/usr/share/Modules/libexec/m"..., 128) = 126
read(3, "", 128)                        = 0
--- SIGCHLD {si_signo=SIGCHLD, si_code=CLD_EXITED, si_pid=6584, si_uid=0, si_status=0, si_utime=0, si_stime=0} ---
wait4(-1, [{WIFEXITED(s) && WEXITSTATUS(s) == 0}], WNOHANG, NULL) = 6584
wait4(-1, 0x7fff1788e990, WNOHANG, NULL) = -1 ECHILD (No child processes)
rt_sigreturn({mask=[]})                 = 0
close(3)                                = 0
rt_sigprocmask(SIG_BLOCK, [CHLD], [], 8) = 0
rt_sigaction(SIGINT, {sa_handler=0x559825233720, sa_mask=[], sa_flags=SA_RESTORER, sa_restorer=0x7f96da6c4ec0}, {sa_handler=SIG_DFL, sa_mask=[], sa_flags=SA_RESTORER, sa_restorer=0x7f96da6c4ec0}, 8) = 0
rt_sigaction(SIGINT, {sa_handler=SIG_DFL, sa_mask=[], sa_flags=SA_RESTORER, sa_restorer=0x7f96da6c4ec0}, {sa_handler=0x559825233720, sa_mask=[], sa_flags=SA_RESTORER, sa_restorer=0x7f96da6c4ec0}, 8) = 0
rt_sigprocmask(SIG_SETMASK, [], NULL, 8) = 0
brk(NULL)                               = 0x559825a01000
brk(0x559825a22000)                     = 0x559825a22000
rt_sigprocmask(SIG_BLOCK, NULL, [], 8)  = 0
ioctl(2, TCGETS, {B38400 opost isig icanon echo ...}) = 0
pipe([3, 4])                            = 0
rt_sigprocmask(SIG_BLOCK, [CHLD], [], 8) = 0
rt_sigprocmask(SIG_SETMASK, [], NULL, 8) = 0
rt_sigprocmask(SIG_BLOCK, [INT CHLD], [], 8) = 0
clone(child_stack=NULL, flags=CLONE_CHILD_CLEARTID|CLONE_CHILD_SETTID|SIGCHLD, child_tidptr=0x7f96da68aa10) = 6586
rt_sigprocmask(SIG_SETMASK, [], NULL, 8) = 0
rt_sigaction(SIGCHLD, {sa_handler=0x559825236c80, sa_mask=[], sa_flags=SA_RESTORER|SA_RESTART, sa_restorer=0x7f96da6c4ec0}, {sa_handler=0x559825236c80, sa_mask=[], sa_flags=SA_RESTORER|SA_RESTART, sa_restorer=0x7f96da6c4ec0}, 8) = 0
close(4)                                = 0
read(3, "/usr/local/share/man:/usr/share/"..., 128) = 37
read(3, "", 128)                        = 0
--- SIGCHLD {si_signo=SIGCHLD, si_code=CLD_EXITED, si_pid=6586, si_uid=0, si_status=0, si_utime=0, si_stime=0} ---
wait4(-1, [{WIFEXITED(s) && WEXITSTATUS(s) == 0}], WNOHANG, NULL) = 6586
wait4(-1, 0x7fff1788e690, WNOHANG, NULL) = -1 ECHILD (No child processes)
rt_sigreturn({mask=[]})                 = 0
close(3)                                = 0
rt_sigprocmask(SIG_BLOCK, [CHLD], [], 8) = 0
rt_sigaction(SIGINT, {sa_handler=0x559825233720, sa_mask=[], sa_flags=SA_RESTORER, sa_restorer=0x7f96da6c4ec0}, {sa_handler=SIG_DFL, sa_mask=[], sa_flags=SA_RESTORER, sa_restorer=0x7f96da6c4ec0}, 8) = 0
rt_sigaction(SIGINT, {sa_handler=SIG_DFL, sa_mask=[], sa_flags=SA_RESTORER, sa_restorer=0x7f96da6c4ec0}, {sa_handler=0x559825233720, sa_mask=[], sa_flags=SA_RESTORER, sa_restorer=0x7f96da6c4ec0}, 8) = 0
rt_sigprocmask(SIG_SETMASK, [], NULL, 8) = 0
openat(AT_FDCWD, "./sum.sh", O_RDONLY)  = 3
stat("./sum.sh", {st_mode=S_IFREG|0755, st_size=178, ...}) = 0
ioctl(3, TCGETS, 0x7fff1788f8e0)        = -1 ENOTTY (Inappropriate ioctl for device)
lseek(3, 0, SEEK_CUR)                   = 0
read(3, "#!/bin/bash\nfunction fun(){\n\nsum"..., 80) = 80
lseek(3, 0, SEEK_SET)                   = 0
prlimit64(0, RLIMIT_NOFILE, NULL, {rlim_cur=1024, rlim_max=512*1024}) = 0
fcntl(255, F_GETFD)                     = -1 EBADF (Bad file descriptor)
dup2(3, 255)                            = 255
close(3)                                = 0
fcntl(255, F_SETFD, FD_CLOEXEC)         = 0
fcntl(255, F_GETFL)                     = 0x8000 (flags O_RDONLY|O_LARGEFILE)
fstat(255, {st_mode=S_IFREG|0755, st_size=178, ...}) = 0
lseek(255, 0, SEEK_CUR)                 = 0
read(255, "#!/bin/bash\nfunction fun(){\n\nsum"..., 178) = 178
ioctl(0, TCGETS, {B38400 opost isig icanon echo ...}) = 0
fstat(2, {st_mode=S_IFCHR|0620, st_rdev=makedev(0x88, 0), ...}) = 0
write(2, "Enter the number:", 17)       = 17
read(0, "4\n", 128)                     = 2
ioctl(0, TCGETS, {B38400 opost isig icanon echo ...}) = 0
write(2, "Enter the number:", 17)       = 17
read(0, "4\n", 128)                     = 2
pipe([3, 4])                            = 0
rt_sigprocmask(SIG_BLOCK, [CHLD], [], 8) = 0
rt_sigprocmask(SIG_SETMASK, [], NULL, 8) = 0
rt_sigprocmask(SIG_BLOCK, [INT CHLD], [], 8) = 0
lseek(255, -20, SEEK_CUR)               = 158
clone(child_stack=NULL, flags=CLONE_CHILD_CLEARTID|CLONE_CHILD_SETTID|SIGCHLD, child_tidptr=0x7f96da68aa10) = 6588
rt_sigprocmask(SIG_SETMASK, [], NULL, 8) = 0
rt_sigaction(SIGCHLD, {sa_handler=0x559825236c80, sa_mask=[], sa_flags=SA_RESTORER|SA_RESTART, sa_restorer=0x7f96da6c4ec0}, {sa_handler=0x559825236c80, sa_mask=[], sa_flags=SA_RESTORER|SA_RESTART, sa_restorer=0x7f96da6c4ec0}, 8) = 0
close(4)                                = 0
read(3, "8\n", 128)                     = 2
read(3, "", 128)                        = 0
close(3)                                = 0
--- SIGCHLD {si_signo=SIGCHLD, si_code=CLD_EXITED, si_pid=6588, si_uid=0, si_status=0, si_utime=0, si_stime=0} ---
wait4(-1, [{WIFEXITED(s) && WEXITSTATUS(s) == 0}], WNOHANG, NULL) = 6588
wait4(-1, 0x7fff1788e8d0, WNOHANG, NULL) = -1 ECHILD (No child processes)
rt_sigreturn({mask=[]})                 = 0
rt_sigprocmask(SIG_BLOCK, [CHLD], [], 8) = 0
rt_sigaction(SIGINT, {sa_handler=0x559825233720, sa_mask=[], sa_flags=SA_RESTORER, sa_restorer=0x7f96da6c4ec0}, {sa_handler=SIG_DFL, sa_mask=[], sa_flags=SA_RESTORER, sa_restorer=0x7f96da6c4ec0}, 8) = 0
rt_sigaction(SIGINT, {sa_handler=SIG_DFL, sa_mask=[], sa_flags=SA_RESTORER, sa_restorer=0x7f96da6c4ec0}, {sa_handler=0x559825233720, sa_mask=[], sa_flags=SA_RESTORER, sa_restorer=0x7f96da6c4ec0}, 8) = 0
rt_sigprocmask(SIG_SETMASK, [], NULL, 8) = 0
fstat(1, {st_mode=S_IFCHR|0620, st_rdev=makedev(0x88, 0), ...}) = 0
write(1, "The sum of two variable is : 8\n", 31) = 31
read(255, "#sum=$(( $a + $b ))\n", 178) = 20
read(255, "", 178)                      = 0
rt_sigprocmask(SIG_BLOCK, [CHLD], [], 8) = 0
rt_sigprocmask(SIG_SETMASK, [], NULL, 8) = 0
exit_group(0)                           = ?
+++ exited with 0 +++
